<?xml version="1.0" encoding="UTF-8"?>
<!-- Generated by org.testng.reporters.JUnitXMLReporter -->
<testsuite ignored="0" hostname="Hrushi" failures="0" tests="5" name="Test" time="98.078" errors="0" timestamp="2025-05-16T00:52:22 IST">
  <testcase classname="com.qspiders.testcases.button.RightClickTest" name="rightClick" time="3.723"/>
  <testcase classname="com.qspiders.testcases.button.DefaultClickTest" name="shoppingRegistrationFeedback" time="2.353"/>
  <testcase classname="com.qspiders.testcases.button.DisabledTest" name="disabledTest" time="2.579"/>
  <testcase classname="com.qspiders.testcases.button.SubmitClickTest" name="submitClick" time="2.671"/>
  <testcase classname="com.qspiders.testcases.button.DoubleClickTest" name="satisfiedDoubleClick" time="2.995"/>
</testsuite> <!-- Test -->
