<?xml version="1.0" encoding="UTF-8"?>
<testng-results ignored="0" total="1" passed="1" failed="0" skipped="0">
  <reporter-output>
  </reporter-output>
  <suite started-at="2025-05-15T15:54:30 IST" name="Default suite" finished-at="2025-05-15T15:54:42 IST" duration-ms="11774">
    <groups>
    </groups>
    <test started-at="2025-05-15T15:54:30 IST" name="Default test" finished-at="2025-05-15T15:54:42 IST" duration-ms="11774">
      <class name="com.qspiders.testcases.button.DefaultClick">
        <test-method is-config="true" signature="setup()[pri:0, instance:com.qspiders.testcases.button.DefaultClick@5656be13]" started-at="2025-05-15T15:54:30 IST" name="setup" finished-at="2025-05-15T15:54:34 IST" duration-ms="3914" status="PASS">
          <reporter-output>
          </reporter-output>
        </test-method> <!-- setup -->
        <test-method signature="shoppingRegistrationFeedback()[pri:0, instance:com.qspiders.testcases.button.DefaultClick@5656be13]" started-at="2025-05-15T15:54:34 IST" name="shoppingRegistrationFeedback" finished-at="2025-05-15T15:54:41 IST" duration-ms="7390" status="PASS">
          <reporter-output>
          </reporter-output>
        </test-method> <!-- shoppingRegistrationFeedback -->
        <test-method is-config="true" signature="tearDown()[pri:0, instance:com.qspiders.testcases.button.DefaultClick@5656be13]" started-at="2025-05-15T15:54:41 IST" name="tearDown" finished-at="2025-05-15T15:54:42 IST" duration-ms="400" status="PASS">
          <reporter-output>
          </reporter-output>
        </test-method> <!-- tearDown -->
      </class> <!-- com.qspiders.testcases.button.DefaultClick -->
    </test> <!-- Default test -->
  </suite> <!-- Default suite -->
</testng-results>
